Analysis & Synthesis report for main
Wed May 29 21:10:17 2024
Quartus Prime Version 20.1.0 Build 711 06/05/2020 SJ Lite Edition


---------------------
; Table of Contents ;
---------------------
  1. Legal Notice
  2. Analysis & Synthesis Summary
  3. Analysis & Synthesis Settings
  4. Parallel Compilation
  5. Analysis & Synthesis Source Files Read
  6. Analysis & Synthesis Resource Usage Summary
  7. Analysis & Synthesis Resource Utilization by Entity
  8. Registers Removed During Synthesis
  9. Removed Registers Triggering Further Register Optimizations
 10. General Register Statistics
 11. Port Connectivity Checks: "duzen_min:du|dFlipFlop:comb_4"
 12. Port Connectivity Checks: "duzen_min:du|dFlipFlop:comb_3"
 13. Port Connectivity Checks: "duzen_min:du"
 14. Port Connectivity Checks: "frequency_divisor:comb_13|dFlipFlop:F1"
 15. Port Connectivity Checks: "frequency_divisor:comb_13|dFlipFlop:F0"
 16. Port Connectivity Checks: "frequency_divisor:comb_13|delay:comb_3|dFlipFlop:F5"
 17. Port Connectivity Checks: "frequency_divisor:comb_13|delay:comb_3|dFlipFlop:F4"
 18. Port Connectivity Checks: "frequency_divisor:comb_13|delay:comb_3|dFlipFlop:F3"
 19. Port Connectivity Checks: "frequency_divisor:comb_13|delay:comb_3|dFlipFlop:F2"
 20. Port Connectivity Checks: "frequency_divisor:comb_13|delay:comb_3|dFlipFlop:F1"
 21. Port Connectivity Checks: "frequency_divisor:comb_13|delay:comb_3|dFlipFlop:F0"
 22. Analysis & Synthesis Messages



----------------
; Legal Notice ;
----------------
Copyright (C) 2020  Intel Corporation. All rights reserved.
Your use of Intel Corporation's design tools, logic functions 
and other software and tools, and any partner logic 
functions, and any output files from any of the foregoing 
(including device programming or simulation files), and any 
associated documentation or information are expressly subject 
to the terms and conditions of the Intel Program License 
Subscription Agreement, the Intel Quartus Prime License Agreement,
the Intel FPGA IP License Agreement, or other applicable license
agreement, including, without limitation, that your use is for
the sole purpose of programming logic devices manufactured by
Intel and sold by Intel or its authorized distributors.  Please
refer to the applicable agreement for further details, at
https://fpgasoftware.intel.com/eula.



+---------------------------------------------------------------------------+
; Analysis & Synthesis Summary                                              ;
+-----------------------------+---------------------------------------------+
; Analysis & Synthesis Status ; Successful - Wed May 29 21:10:17 2024       ;
; Quartus Prime Version       ; 20.1.0 Build 711 06/05/2020 SJ Lite Edition ;
; Revision Name               ; main                                        ;
; Top-level Entity Name       ; main                                        ;
; Family                      ; MAX II                                      ;
; Total logic elements        ; 61                                          ;
; Total pins                  ; 12                                          ;
; Total virtual pins          ; 0                                           ;
; UFM blocks                  ; 0 / 1 ( 0 % )                               ;
+-----------------------------+---------------------------------------------+


+------------------------------------------------------------------------------------------------------------+
; Analysis & Synthesis Settings                                                                              ;
+------------------------------------------------------------------+--------------------+--------------------+
; Option                                                           ; Setting            ; Default Value      ;
+------------------------------------------------------------------+--------------------+--------------------+
; Device                                                           ; EPM240T100C5       ;                    ;
; Top-level entity name                                            ; main               ; main               ;
; Family name                                                      ; MAX II             ; Cyclone V          ;
; Use smart compilation                                            ; Off                ; Off                ;
; Enable parallel Assembler and Timing Analyzer during compilation ; On                 ; On                 ;
; Enable compact report table                                      ; Off                ; Off                ;
; Restructure Multiplexers                                         ; Auto               ; Auto               ;
; Create Debugging Nodes for IP Cores                              ; Off                ; Off                ;
; Preserve fewer node names                                        ; On                 ; On                 ;
; Intel FPGA IP Evaluation Mode                                    ; Enable             ; Enable             ;
; Verilog Version                                                  ; Verilog_2001       ; Verilog_2001       ;
; VHDL Version                                                     ; VHDL_1993          ; VHDL_1993          ;
; State Machine Processing                                         ; Auto               ; Auto               ;
; Safe State Machine                                               ; Off                ; Off                ;
; Extract Verilog State Machines                                   ; On                 ; On                 ;
; Extract VHDL State Machines                                      ; On                 ; On                 ;
; Ignore Verilog initial constructs                                ; Off                ; Off                ;
; Iteration limit for constant Verilog loops                       ; 5000               ; 5000               ;
; Iteration limit for non-constant Verilog loops                   ; 250                ; 250                ;
; Add Pass-Through Logic to Inferred RAMs                          ; On                 ; On                 ;
; Infer RAMs from Raw Logic                                        ; On                 ; On                 ;
; Parallel Synthesis                                               ; On                 ; On                 ;
; NOT Gate Push-Back                                               ; On                 ; On                 ;
; Power-Up Don't Care                                              ; On                 ; On                 ;
; Remove Redundant Logic Cells                                     ; Off                ; Off                ;
; Remove Duplicate Registers                                       ; On                 ; On                 ;
; Ignore CARRY Buffers                                             ; Off                ; Off                ;
; Ignore CASCADE Buffers                                           ; Off                ; Off                ;
; Ignore GLOBAL Buffers                                            ; Off                ; Off                ;
; Ignore ROW GLOBAL Buffers                                        ; Off                ; Off                ;
; Ignore LCELL Buffers                                             ; Off                ; Off                ;
; Ignore SOFT Buffers                                              ; On                 ; On                 ;
; Limit AHDL Integers to 32 Bits                                   ; Off                ; Off                ;
; Optimization Technique                                           ; Balanced           ; Balanced           ;
; Carry Chain Length                                               ; 70                 ; 70                 ;
; Auto Carry Chains                                                ; On                 ; On                 ;
; Auto Open-Drain Pins                                             ; On                 ; On                 ;
; Perform WYSIWYG Primitive Resynthesis                            ; Off                ; Off                ;
; Auto Shift Register Replacement                                  ; Auto               ; Auto               ;
; Allow Shift Register Merging across Hierarchies                  ; Auto               ; Auto               ;
; Auto Clock Enable Replacement                                    ; On                 ; On                 ;
; Allow Synchronous Control Signals                                ; On                 ; On                 ;
; Force Use of Synchronous Clear Signals                           ; Off                ; Off                ;
; Auto Resource Sharing                                            ; Off                ; Off                ;
; Use LogicLock Constraints during Resource Balancing              ; On                 ; On                 ;
; Ignore translate_off and synthesis_off directives                ; Off                ; Off                ;
; Report Parameter Settings                                        ; On                 ; On                 ;
; Report Source Assignments                                        ; On                 ; On                 ;
; Report Connectivity Checks                                       ; On                 ; On                 ;
; Ignore Maximum Fan-Out Assignments                               ; Off                ; Off                ;
; Synchronization Register Chain Length                            ; 2                  ; 2                  ;
; Power Optimization During Synthesis                              ; Normal compilation ; Normal compilation ;
; HDL message level                                                ; Level2             ; Level2             ;
; Suppress Register Optimization Related Messages                  ; Off                ; Off                ;
; Number of Removed Registers Reported in Synthesis Report         ; 5000               ; 5000               ;
; Number of Swept Nodes Reported in Synthesis Report               ; 5000               ; 5000               ;
; Number of Inverted Registers Reported in Synthesis Report        ; 100                ; 100                ;
; Clock MUX Protection                                             ; On                 ; On                 ;
; Block Design Naming                                              ; Auto               ; Auto               ;
; Synthesis Effort                                                 ; Auto               ; Auto               ;
; Shift Register Replacement - Allow Asynchronous Clear Signal     ; On                 ; On                 ;
; Analysis & Synthesis Message Level                               ; Medium             ; Medium             ;
; Disable Register Merging Across Hierarchies                      ; Auto               ; Auto               ;
+------------------------------------------------------------------+--------------------+--------------------+


+------------------------------------------+
; Parallel Compilation                     ;
+----------------------------+-------------+
; Processors                 ; Number      ;
+----------------------------+-------------+
; Number detected on machine ; 12          ;
; Maximum allowed            ; 8           ;
;                            ;             ;
; Average used               ; 1.00        ;
; Maximum used               ; 1           ;
;                            ;             ;
; Usage by Processor         ; % Time Used ;
;     Processor 1            ; 100.0%      ;
+----------------------------+-------------+


+----------------------------------------------------------------------------------------------------------------------------------------------------------+
; Analysis & Synthesis Source Files Read                                                                                                                   ;
+----------------------------------+-----------------+------------------------+------------------------------------------------------------------+---------+
; File Name with User-Entered Path ; Used in Netlist ; File Type              ; File Name with Absolute Path                                     ; Library ;
+----------------------------------+-----------------+------------------------+------------------------------------------------------------------+---------+
; main.v                           ; yes             ; User Verilog HDL File  ; C:/Users/uJotaQ/Downloads/cronometro_v3-main/main.v              ;         ;
; dFlipFlop.v                      ; yes             ; User Verilog HDL File  ; C:/Users/uJotaQ/Downloads/cronometro_v3-main/dFlipFlop.v         ;         ;
; delay.v                          ; yes             ; User Verilog HDL File  ; C:/Users/uJotaQ/Downloads/cronometro_v3-main/delay.v             ;         ;
; unit_sec.v                       ; yes             ; User Verilog HDL File  ; C:/Users/uJotaQ/Downloads/cronometro_v3-main/unit_sec.v          ;         ;
; frequency_divisor.v              ; yes             ; User Verilog HDL File  ; C:/Users/uJotaQ/Downloads/cronometro_v3-main/frequency_divisor.v ;         ;
; duzen_sec.v                      ; yes             ; User Verilog HDL File  ; C:/Users/uJotaQ/Downloads/cronometro_v3-main/duzen_sec.v         ;         ;
; unit_min.v                       ; yes             ; User Verilog HDL File  ; C:/Users/uJotaQ/Downloads/cronometro_v3-main/unit_min.v          ;         ;
; duzen_min.v                      ; yes             ; User Verilog HDL File  ; C:/Users/uJotaQ/Downloads/cronometro_v3-main/duzen_min.v         ;         ;
+----------------------------------+-----------------+------------------------+------------------------------------------------------------------+---------+


+------------------------------------------------------------------+
; Analysis & Synthesis Resource Usage Summary                      ;
+---------------------------------------------+--------------------+
; Resource                                    ; Usage              ;
+---------------------------------------------+--------------------+
; Total logic elements                        ; 61                 ;
;     -- Combinational with no register       ; 26                 ;
;     -- Register only                        ; 0                  ;
;     -- Combinational with a register        ; 35                 ;
;                                             ;                    ;
; Logic element usage by number of LUT inputs ;                    ;
;     -- 4 input functions                    ; 16                 ;
;     -- 3 input functions                    ; 3                  ;
;     -- 2 input functions                    ; 7                  ;
;     -- 1 input functions                    ; 35                 ;
;     -- 0 input functions                    ; 0                  ;
;                                             ;                    ;
; Logic elements by mode                      ;                    ;
;     -- normal mode                          ; 61                 ;
;     -- arithmetic mode                      ; 0                  ;
;     -- qfbk mode                            ; 0                  ;
;     -- register cascade mode                ; 0                  ;
;     -- synchronous clear/load mode          ; 0                  ;
;     -- asynchronous clear/load mode         ; 7                  ;
;                                             ;                    ;
; Total registers                             ; 35                 ;
; I/O pins                                    ; 12                 ;
; Maximum fan-out node                        ; dFlipFlop:comb_3|q ;
; Maximum fan-out                             ; 12                 ;
; Total fan-out                               ; 175                ;
; Average fan-out                             ; 2.40               ;
+---------------------------------------------+--------------------+


+------------------------------------------------------------------------------------------------------------------------------------------------------------------------------------------------------------------------------------------------------------------------------------+
; Analysis & Synthesis Resource Utilization by Entity                                                                                                                                                                                                                                ;
+--------------------------------+-------------+--------------+------------+------+--------------+--------------+-------------------+------------------+-----------------+------------+-----------------------------------------------------------+-------------------+--------------+
; Compilation Hierarchy Node     ; Logic Cells ; LC Registers ; UFM Blocks ; Pins ; Virtual Pins ; LUT-Only LCs ; Register-Only LCs ; LUT/Register LCs ; Carry Chain LCs ; Packed LCs ; Full Hierarchy Name                                       ; Entity Name       ; Library Name ;
+--------------------------------+-------------+--------------+------------+------+--------------+--------------+-------------------+------------------+-----------------+------------+-----------------------------------------------------------+-------------------+--------------+
; |main                          ; 61 (24)     ; 35           ; 0          ; 12   ; 0            ; 26 (24)      ; 0 (0)             ; 35 (0)           ; 0 (0)           ; 0 (0)      ; |main                                                     ; main              ; work         ;
;    |dFlipFlop:comb_3|          ; 1 (1)       ; 1            ; 0          ; 0    ; 0            ; 0 (0)        ; 0 (0)             ; 1 (1)            ; 0 (0)           ; 0 (0)      ; |main|dFlipFlop:comb_3                                    ; dFlipFlop         ; work         ;
;    |dFlipFlop:comb_4|          ; 1 (1)       ; 1            ; 0          ; 0    ; 0            ; 0 (0)        ; 0 (0)             ; 1 (1)            ; 0 (0)           ; 0 (0)      ; |main|dFlipFlop:comb_4                                    ; dFlipFlop         ; work         ;
;    |duzen_sec:ds|              ; 4 (1)       ; 3            ; 0          ; 0    ; 0            ; 1 (1)        ; 0 (0)             ; 3 (0)            ; 0 (0)           ; 0 (0)      ; |main|duzen_sec:ds                                        ; duzen_sec         ; work         ;
;       |dFlipFlop:comb_3|       ; 1 (1)       ; 1            ; 0          ; 0    ; 0            ; 0 (0)        ; 0 (0)             ; 1 (1)            ; 0 (0)           ; 0 (0)      ; |main|duzen_sec:ds|dFlipFlop:comb_3                       ; dFlipFlop         ; work         ;
;       |dFlipFlop:comb_4|       ; 1 (1)       ; 1            ; 0          ; 0    ; 0            ; 0 (0)        ; 0 (0)             ; 1 (1)            ; 0 (0)           ; 0 (0)      ; |main|duzen_sec:ds|dFlipFlop:comb_4                       ; dFlipFlop         ; work         ;
;       |dFlipFlop:comb_5|       ; 1 (1)       ; 1            ; 0          ; 0    ; 0            ; 0 (0)        ; 0 (0)             ; 1 (1)            ; 0 (0)           ; 0 (0)      ; |main|duzen_sec:ds|dFlipFlop:comb_5                       ; dFlipFlop         ; work         ;
;    |frequency_divisor:comb_13| ; 26 (0)      ; 26           ; 0          ; 0    ; 0            ; 0 (0)        ; 0 (0)             ; 26 (0)           ; 0 (0)           ; 0 (0)      ; |main|frequency_divisor:comb_13                           ; frequency_divisor ; work         ;
;       |dFlipFlop:F0|           ; 1 (1)       ; 1            ; 0          ; 0    ; 0            ; 0 (0)        ; 0 (0)             ; 1 (1)            ; 0 (0)           ; 0 (0)      ; |main|frequency_divisor:comb_13|dFlipFlop:F0              ; dFlipFlop         ; work         ;
;       |dFlipFlop:F1|           ; 1 (1)       ; 1            ; 0          ; 0    ; 0            ; 0 (0)        ; 0 (0)             ; 1 (1)            ; 0 (0)           ; 0 (0)      ; |main|frequency_divisor:comb_13|dFlipFlop:F1              ; dFlipFlop         ; work         ;
;       |delay:comb_3|           ; 6 (0)       ; 6            ; 0          ; 0    ; 0            ; 0 (0)        ; 0 (0)             ; 6 (0)            ; 0 (0)           ; 0 (0)      ; |main|frequency_divisor:comb_13|delay:comb_3              ; delay             ; work         ;
;          |dFlipFlop:F0|        ; 1 (1)       ; 1            ; 0          ; 0    ; 0            ; 0 (0)        ; 0 (0)             ; 1 (1)            ; 0 (0)           ; 0 (0)      ; |main|frequency_divisor:comb_13|delay:comb_3|dFlipFlop:F0 ; dFlipFlop         ; work         ;
;          |dFlipFlop:F1|        ; 1 (1)       ; 1            ; 0          ; 0    ; 0            ; 0 (0)        ; 0 (0)             ; 1 (1)            ; 0 (0)           ; 0 (0)      ; |main|frequency_divisor:comb_13|delay:comb_3|dFlipFlop:F1 ; dFlipFlop         ; work         ;
;          |dFlipFlop:F2|        ; 1 (1)       ; 1            ; 0          ; 0    ; 0            ; 0 (0)        ; 0 (0)             ; 1 (1)            ; 0 (0)           ; 0 (0)      ; |main|frequency_divisor:comb_13|delay:comb_3|dFlipFlop:F2 ; dFlipFlop         ; work         ;
;          |dFlipFlop:F3|        ; 1 (1)       ; 1            ; 0          ; 0    ; 0            ; 0 (0)        ; 0 (0)             ; 1 (1)            ; 0 (0)           ; 0 (0)      ; |main|frequency_divisor:comb_13|delay:comb_3|dFlipFlop:F3 ; dFlipFlop         ; work         ;
;          |dFlipFlop:F4|        ; 1 (1)       ; 1            ; 0          ; 0    ; 0            ; 0 (0)        ; 0 (0)             ; 1 (1)            ; 0 (0)           ; 0 (0)      ; |main|frequency_divisor:comb_13|delay:comb_3|dFlipFlop:F4 ; dFlipFlop         ; work         ;
;          |dFlipFlop:F5|        ; 1 (1)       ; 1            ; 0          ; 0    ; 0            ; 0 (0)        ; 0 (0)             ; 1 (1)            ; 0 (0)           ; 0 (0)      ; |main|frequency_divisor:comb_13|delay:comb_3|dFlipFlop:F5 ; dFlipFlop         ; work         ;
;       |delay:comb_4|           ; 6 (0)       ; 6            ; 0          ; 0    ; 0            ; 0 (0)        ; 0 (0)             ; 6 (0)            ; 0 (0)           ; 0 (0)      ; |main|frequency_divisor:comb_13|delay:comb_4              ; delay             ; work         ;
;          |dFlipFlop:F0|        ; 1 (1)       ; 1            ; 0          ; 0    ; 0            ; 0 (0)        ; 0 (0)             ; 1 (1)            ; 0 (0)           ; 0 (0)      ; |main|frequency_divisor:comb_13|delay:comb_4|dFlipFlop:F0 ; dFlipFlop         ; work         ;
;          |dFlipFlop:F1|        ; 1 (1)       ; 1            ; 0          ; 0    ; 0            ; 0 (0)        ; 0 (0)             ; 1 (1)            ; 0 (0)           ; 0 (0)      ; |main|frequency_divisor:comb_13|delay:comb_4|dFlipFlop:F1 ; dFlipFlop         ; work         ;
;          |dFlipFlop:F2|        ; 1 (1)       ; 1            ; 0          ; 0    ; 0            ; 0 (0)        ; 0 (0)             ; 1 (1)            ; 0 (0)           ; 0 (0)      ; |main|frequency_divisor:comb_13|delay:comb_4|dFlipFlop:F2 ; dFlipFlop         ; work         ;
;          |dFlipFlop:F3|        ; 1 (1)       ; 1            ; 0          ; 0    ; 0            ; 0 (0)        ; 0 (0)             ; 1 (1)            ; 0 (0)           ; 0 (0)      ; |main|frequency_divisor:comb_13|delay:comb_4|dFlipFlop:F3 ; dFlipFlop         ; work         ;
;          |dFlipFlop:F4|        ; 1 (1)       ; 1            ; 0          ; 0    ; 0            ; 0 (0)        ; 0 (0)             ; 1 (1)            ; 0 (0)           ; 0 (0)      ; |main|frequency_divisor:comb_13|delay:comb_4|dFlipFlop:F4 ; dFlipFlop         ; work         ;
;          |dFlipFlop:F5|        ; 1 (1)       ; 1            ; 0          ; 0    ; 0            ; 0 (0)        ; 0 (0)             ; 1 (1)            ; 0 (0)           ; 0 (0)      ; |main|frequency_divisor:comb_13|delay:comb_4|dFlipFlop:F5 ; dFlipFlop         ; work         ;
;       |delay:comb_5|           ; 6 (0)       ; 6            ; 0          ; 0    ; 0            ; 0 (0)        ; 0 (0)             ; 6 (0)            ; 0 (0)           ; 0 (0)      ; |main|frequency_divisor:comb_13|delay:comb_5              ; delay             ; work         ;
;          |dFlipFlop:F0|        ; 1 (1)       ; 1            ; 0          ; 0    ; 0            ; 0 (0)        ; 0 (0)             ; 1 (1)            ; 0 (0)           ; 0 (0)      ; |main|frequency_divisor:comb_13|delay:comb_5|dFlipFlop:F0 ; dFlipFlop         ; work         ;
;          |dFlipFlop:F1|        ; 1 (1)       ; 1            ; 0          ; 0    ; 0            ; 0 (0)        ; 0 (0)             ; 1 (1)            ; 0 (0)           ; 0 (0)      ; |main|frequency_divisor:comb_13|delay:comb_5|dFlipFlop:F1 ; dFlipFlop         ; work         ;
;          |dFlipFlop:F2|        ; 1 (1)       ; 1            ; 0          ; 0    ; 0            ; 0 (0)        ; 0 (0)             ; 1 (1)            ; 0 (0)           ; 0 (0)      ; |main|frequency_divisor:comb_13|delay:comb_5|dFlipFlop:F2 ; dFlipFlop         ; work         ;
;          |dFlipFlop:F3|        ; 1 (1)       ; 1            ; 0          ; 0    ; 0            ; 0 (0)        ; 0 (0)             ; 1 (1)            ; 0 (0)           ; 0 (0)      ; |main|frequency_divisor:comb_13|delay:comb_5|dFlipFlop:F3 ; dFlipFlop         ; work         ;
;          |dFlipFlop:F4|        ; 1 (1)       ; 1            ; 0          ; 0    ; 0            ; 0 (0)        ; 0 (0)             ; 1 (1)            ; 0 (0)           ; 0 (0)      ; |main|frequency_divisor:comb_13|delay:comb_5|dFlipFlop:F4 ; dFlipFlop         ; work         ;
;          |dFlipFlop:F5|        ; 1 (1)       ; 1            ; 0          ; 0    ; 0            ; 0 (0)        ; 0 (0)             ; 1 (1)            ; 0 (0)           ; 0 (0)      ; |main|frequency_divisor:comb_13|delay:comb_5|dFlipFlop:F5 ; dFlipFlop         ; work         ;
;       |delay:comb_7|           ; 6 (0)       ; 6            ; 0          ; 0    ; 0            ; 0 (0)        ; 0 (0)             ; 6 (0)            ; 0 (0)           ; 0 (0)      ; |main|frequency_divisor:comb_13|delay:comb_7              ; delay             ; work         ;
;          |dFlipFlop:F0|        ; 1 (1)       ; 1            ; 0          ; 0    ; 0            ; 0 (0)        ; 0 (0)             ; 1 (1)            ; 0 (0)           ; 0 (0)      ; |main|frequency_divisor:comb_13|delay:comb_7|dFlipFlop:F0 ; dFlipFlop         ; work         ;
;          |dFlipFlop:F1|        ; 1 (1)       ; 1            ; 0          ; 0    ; 0            ; 0 (0)        ; 0 (0)             ; 1 (1)            ; 0 (0)           ; 0 (0)      ; |main|frequency_divisor:comb_13|delay:comb_7|dFlipFlop:F1 ; dFlipFlop         ; work         ;
;          |dFlipFlop:F2|        ; 1 (1)       ; 1            ; 0          ; 0    ; 0            ; 0 (0)        ; 0 (0)             ; 1 (1)            ; 0 (0)           ; 0 (0)      ; |main|frequency_divisor:comb_13|delay:comb_7|dFlipFlop:F2 ; dFlipFlop         ; work         ;
;          |dFlipFlop:F3|        ; 1 (1)       ; 1            ; 0          ; 0    ; 0            ; 0 (0)        ; 0 (0)             ; 1 (1)            ; 0 (0)           ; 0 (0)      ; |main|frequency_divisor:comb_13|delay:comb_7|dFlipFlop:F3 ; dFlipFlop         ; work         ;
;          |dFlipFlop:F4|        ; 1 (1)       ; 1            ; 0          ; 0    ; 0            ; 0 (0)        ; 0 (0)             ; 1 (1)            ; 0 (0)           ; 0 (0)      ; |main|frequency_divisor:comb_13|delay:comb_7|dFlipFlop:F4 ; dFlipFlop         ; work         ;
;          |dFlipFlop:F5|        ; 1 (1)       ; 1            ; 0          ; 0    ; 0            ; 0 (0)        ; 0 (0)             ; 1 (1)            ; 0 (0)           ; 0 (0)      ; |main|frequency_divisor:comb_13|delay:comb_7|dFlipFlop:F5 ; dFlipFlop         ; work         ;
;    |unit_sec:us|               ; 5 (1)       ; 4            ; 0          ; 0    ; 0            ; 1 (1)        ; 0 (0)             ; 4 (0)            ; 0 (0)           ; 0 (0)      ; |main|unit_sec:us                                         ; unit_sec          ; work         ;
;       |dFlipFlop:comb_3|       ; 1 (1)       ; 1            ; 0          ; 0    ; 0            ; 0 (0)        ; 0 (0)             ; 1 (1)            ; 0 (0)           ; 0 (0)      ; |main|unit_sec:us|dFlipFlop:comb_3                        ; dFlipFlop         ; work         ;
;       |dFlipFlop:comb_4|       ; 1 (1)       ; 1            ; 0          ; 0    ; 0            ; 0 (0)        ; 0 (0)             ; 1 (1)            ; 0 (0)           ; 0 (0)      ; |main|unit_sec:us|dFlipFlop:comb_4                        ; dFlipFlop         ; work         ;
;       |dFlipFlop:comb_5|       ; 1 (1)       ; 1            ; 0          ; 0    ; 0            ; 0 (0)        ; 0 (0)             ; 1 (1)            ; 0 (0)           ; 0 (0)      ; |main|unit_sec:us|dFlipFlop:comb_5                        ; dFlipFlop         ; work         ;
;       |dFlipFlop:comb_6|       ; 1 (1)       ; 1            ; 0          ; 0    ; 0            ; 0 (0)        ; 0 (0)             ; 1 (1)            ; 0 (0)           ; 0 (0)      ; |main|unit_sec:us|dFlipFlop:comb_6                        ; dFlipFlop         ; work         ;
+--------------------------------+-------------+--------------+------------+------+--------------+--------------+-------------------+------------------+-----------------+------------+-----------------------------------------------------------+-------------------+--------------+
Note: For table entries with two numbers listed, the numbers in parentheses indicate the number of resources of the given type used by the specific entity alone. The numbers listed outside of parentheses indicate the total resources of the given type used by the specific entity and all of its sub-entities in the hierarchy.


+------------------------------------------------------------------------------+
; Registers Removed During Synthesis                                           ;
+---------------------------------------+--------------------------------------+
; Register name                         ; Reason for Removal                   ;
+---------------------------------------+--------------------------------------+
; unit_min:um|dFlipFlop:comb_3|q        ; Stuck at GND due to stuck port clock ;
; unit_min:um|dFlipFlop:comb_4|q        ; Stuck at GND due to stuck port clock ;
; unit_min:um|dFlipFlop:comb_5|q        ; Stuck at GND due to stuck port clock ;
; unit_min:um|dFlipFlop:comb_6|q        ; Stuck at GND due to stuck port clock ;
; Total Number of Removed Registers = 4 ;                                      ;
+---------------------------------------+--------------------------------------+


+---------------------------------------------------------------------------------------------------+
; Removed Registers Triggering Further Register Optimizations                                       ;
+--------------------------------+-------------------------+----------------------------------------+
; Register name                  ; Reason for Removal      ; Registers Removed due to This Register ;
+--------------------------------+-------------------------+----------------------------------------+
; unit_min:um|dFlipFlop:comb_5|q ; Stuck at GND            ; unit_min:um|dFlipFlop:comb_6|q         ;
;                                ; due to stuck port clock ;                                        ;
+--------------------------------+-------------------------+----------------------------------------+


+------------------------------------------------------+
; General Register Statistics                          ;
+----------------------------------------------+-------+
; Statistic                                    ; Value ;
+----------------------------------------------+-------+
; Total registers                              ; 35    ;
; Number of registers using Synchronous Clear  ; 0     ;
; Number of registers using Synchronous Load   ; 0     ;
; Number of registers using Asynchronous Clear ; 7     ;
; Number of registers using Asynchronous Load  ; 0     ;
; Number of registers using Clock Enable       ; 0     ;
; Number of registers using Preset             ; 0     ;
+----------------------------------------------+-------+


+-------------------------------------------------------------------------------------------------------------------------------------+
; Port Connectivity Checks: "duzen_min:du|dFlipFlop:comb_4"                                                                           ;
+------+--------+----------+----------------------------------------------------------------------------------------------------------+
; Port ; Type   ; Severity ; Details                                                                                                  ;
+------+--------+----------+----------------------------------------------------------------------------------------------------------+
; q    ; Output ; Warning  ; Declared by entity but not connected by instance. Logic that only feeds a dangling port will be removed. ;
; q_   ; Output ; Warning  ; Declared by entity but not connected by instance. Logic that only feeds a dangling port will be removed. ;
+------+--------+----------+----------------------------------------------------------------------------------------------------------+


+-------------------------------------------------------------------------------------------------------------------------------------------------------------------------+
; Port Connectivity Checks: "duzen_min:du|dFlipFlop:comb_3"                                                                                                               ;
+------+--------+----------+----------------------------------------------------------------------------------------------------------------------------------------------+
; Port ; Type   ; Severity ; Details                                                                                                                                      ;
+------+--------+----------+----------------------------------------------------------------------------------------------------------------------------------------------+
; clk  ; Input  ; Warning  ; Declared by entity but not connected by instance. If a default value exists, it will be used.  Otherwise, the port will be connected to GND. ;
; q    ; Output ; Warning  ; Declared by entity but not connected by instance. Logic that only feeds a dangling port will be removed.                                     ;
; q_   ; Output ; Warning  ; Declared by entity but not connected by instance. Logic that only feeds a dangling port will be removed.                                     ;
+------+--------+----------+----------------------------------------------------------------------------------------------------------------------------------------------+


+----------------------------------------------------------------------------------------------------------------+
; Port Connectivity Checks: "duzen_min:du"                                                                       ;
+------+--------+----------+-------------------------------------------------------------------------------------+
; Port ; Type   ; Severity ; Details                                                                             ;
+------+--------+----------+-------------------------------------------------------------------------------------+
; adm  ; Output ; Info     ; Connected to dangling logic. Logic that only feeds a dangling port will be removed. ;
; bdm  ; Output ; Info     ; Connected to dangling logic. Logic that only feeds a dangling port will be removed. ;
; cdm  ; Output ; Info     ; Connected to dangling logic. Logic that only feeds a dangling port will be removed. ;
; ddm  ; Output ; Info     ; Connected to dangling logic. Logic that only feeds a dangling port will be removed. ;
; edm  ; Output ; Info     ; Connected to dangling logic. Logic that only feeds a dangling port will be removed. ;
; fdm  ; Output ; Info     ; Connected to dangling logic. Logic that only feeds a dangling port will be removed. ;
; gdm  ; Output ; Info     ; Connected to dangling logic. Logic that only feeds a dangling port will be removed. ;
+------+--------+----------+-------------------------------------------------------------------------------------+


+--------------------------------------------------------------------+
; Port Connectivity Checks: "frequency_divisor:comb_13|dFlipFlop:F1" ;
+------+-------+----------+------------------------------------------+
; Port ; Type  ; Severity ; Details                                  ;
+------+-------+----------+------------------------------------------+
; rstn ; Input ; Info     ; Stuck at GND                             ;
+------+-------+----------+------------------------------------------+


+--------------------------------------------------------------------+
; Port Connectivity Checks: "frequency_divisor:comb_13|dFlipFlop:F0" ;
+------+--------+----------+-----------------------------------------+
; Port ; Type   ; Severity ; Details                                 ;
+------+--------+----------+-----------------------------------------+
; rstn ; Input  ; Info     ; Stuck at GND                            ;
; q    ; Output ; Info     ; Explicitly unconnected                  ;
+------+--------+----------+-----------------------------------------+


+---------------------------------------------------------------------------------+
; Port Connectivity Checks: "frequency_divisor:comb_13|delay:comb_3|dFlipFlop:F5" ;
+------+-------+----------+-------------------------------------------------------+
; Port ; Type  ; Severity ; Details                                               ;
+------+-------+----------+-------------------------------------------------------+
; rstn ; Input ; Info     ; Stuck at GND                                          ;
+------+-------+----------+-------------------------------------------------------+


+---------------------------------------------------------------------------------+
; Port Connectivity Checks: "frequency_divisor:comb_13|delay:comb_3|dFlipFlop:F4" ;
+------+--------+----------+------------------------------------------------------+
; Port ; Type   ; Severity ; Details                                              ;
+------+--------+----------+------------------------------------------------------+
; rstn ; Input  ; Info     ; Stuck at GND                                         ;
; q    ; Output ; Info     ; Explicitly unconnected                               ;
+------+--------+----------+------------------------------------------------------+


+---------------------------------------------------------------------------------+
; Port Connectivity Checks: "frequency_divisor:comb_13|delay:comb_3|dFlipFlop:F3" ;
+------+--------+----------+------------------------------------------------------+
; Port ; Type   ; Severity ; Details                                              ;
+------+--------+----------+------------------------------------------------------+
; rstn ; Input  ; Info     ; Stuck at GND                                         ;
; q    ; Output ; Info     ; Explicitly unconnected                               ;
+------+--------+----------+------------------------------------------------------+


+---------------------------------------------------------------------------------+
; Port Connectivity Checks: "frequency_divisor:comb_13|delay:comb_3|dFlipFlop:F2" ;
+------+--------+----------+------------------------------------------------------+
; Port ; Type   ; Severity ; Details                                              ;
+------+--------+----------+------------------------------------------------------+
; rstn ; Input  ; Info     ; Stuck at GND                                         ;
; q    ; Output ; Info     ; Explicitly unconnected                               ;
+------+--------+----------+------------------------------------------------------+


+---------------------------------------------------------------------------------+
; Port Connectivity Checks: "frequency_divisor:comb_13|delay:comb_3|dFlipFlop:F1" ;
+------+--------+----------+------------------------------------------------------+
; Port ; Type   ; Severity ; Details                                              ;
+------+--------+----------+------------------------------------------------------+
; rstn ; Input  ; Info     ; Stuck at GND                                         ;
; q    ; Output ; Info     ; Explicitly unconnected                               ;
+------+--------+----------+------------------------------------------------------+


+---------------------------------------------------------------------------------+
; Port Connectivity Checks: "frequency_divisor:comb_13|delay:comb_3|dFlipFlop:F0" ;
+------+--------+----------+------------------------------------------------------+
; Port ; Type   ; Severity ; Details                                              ;
+------+--------+----------+------------------------------------------------------+
; rstn ; Input  ; Info     ; Stuck at GND                                         ;
; q    ; Output ; Info     ; Explicitly unconnected                               ;
+------+--------+----------+------------------------------------------------------+


+-------------------------------+
; Analysis & Synthesis Messages ;
+-------------------------------+
Info: *******************************************************************
Info: Running Quartus Prime Analysis & Synthesis
    Info: Version 20.1.0 Build 711 06/05/2020 SJ Lite Edition
    Info: Processing started: Wed May 29 21:10:11 2024
Info: Command: quartus_map --read_settings_files=on --write_settings_files=off main -c main
Warning (18236): Number of processors has not been specified which may cause overloading on shared machines.  Set the global assignment NUM_PARALLEL_PROCESSORS in your QSF to an appropriate value for best performance.
Info (20030): Parallel compilation is enabled and will use 8 of the 8 processors detected
Info (12021): Found 1 design units, including 1 entities, in source file main.v
    Info (12023): Found entity 1: main File: C:/Users/uJotaQ/Downloads/cronometro_v3-main/main.v Line: 1
Info (12021): Found 1 design units, including 1 entities, in source file dflipflop.v
    Info (12023): Found entity 1: dFlipFlop File: C:/Users/uJotaQ/Downloads/cronometro_v3-main/dFlipFlop.v Line: 1
Info (12021): Found 1 design units, including 1 entities, in source file delay.v
    Info (12023): Found entity 1: delay File: C:/Users/uJotaQ/Downloads/cronometro_v3-main/delay.v Line: 1
Info (12021): Found 1 design units, including 1 entities, in source file unit_sec.v
    Info (12023): Found entity 1: unit_sec File: C:/Users/uJotaQ/Downloads/cronometro_v3-main/unit_sec.v Line: 1
Info (12021): Found 1 design units, including 1 entities, in source file frequency_divisor.v
    Info (12023): Found entity 1: frequency_divisor File: C:/Users/uJotaQ/Downloads/cronometro_v3-main/frequency_divisor.v Line: 1
Info (12021): Found 1 design units, including 1 entities, in source file duzen_sec.v
    Info (12023): Found entity 1: duzen_sec File: C:/Users/uJotaQ/Downloads/cronometro_v3-main/duzen_sec.v Line: 1
Info (12021): Found 1 design units, including 1 entities, in source file unit_min.v
    Info (12023): Found entity 1: unit_min File: C:/Users/uJotaQ/Downloads/cronometro_v3-main/unit_min.v Line: 1
Info (12021): Found 1 design units, including 1 entities, in source file duzen_min.v
    Info (12023): Found entity 1: duzen_min File: C:/Users/uJotaQ/Downloads/cronometro_v3-main/duzen_min.v Line: 1
Warning (10236): Verilog HDL Implicit Net warning at main.v(20): created implicit net for "D1_" File: C:/Users/uJotaQ/Downloads/cronometro_v3-main/main.v Line: 20
Warning (10236): Verilog HDL Implicit Net warning at main.v(21): created implicit net for "D2_" File: C:/Users/uJotaQ/Downloads/cronometro_v3-main/main.v Line: 21
Warning (10236): Verilog HDL Implicit Net warning at main.v(22): created implicit net for "D3_" File: C:/Users/uJotaQ/Downloads/cronometro_v3-main/main.v Line: 22
Warning (10236): Verilog HDL Implicit Net warning at main.v(23): created implicit net for "D4_" File: C:/Users/uJotaQ/Downloads/cronometro_v3-main/main.v Line: 23
Warning (10236): Verilog HDL Implicit Net warning at main.v(37): created implicit net for "AUS7" File: C:/Users/uJotaQ/Downloads/cronometro_v3-main/main.v Line: 37
Warning (10236): Verilog HDL Implicit Net warning at main.v(38): created implicit net for "BUS7" File: C:/Users/uJotaQ/Downloads/cronometro_v3-main/main.v Line: 38
Warning (10236): Verilog HDL Implicit Net warning at main.v(39): created implicit net for "CUS7" File: C:/Users/uJotaQ/Downloads/cronometro_v3-main/main.v Line: 39
Warning (10236): Verilog HDL Implicit Net warning at main.v(40): created implicit net for "DUS7" File: C:/Users/uJotaQ/Downloads/cronometro_v3-main/main.v Line: 40
Warning (10236): Verilog HDL Implicit Net warning at main.v(41): created implicit net for "EUS7" File: C:/Users/uJotaQ/Downloads/cronometro_v3-main/main.v Line: 41
Warning (10236): Verilog HDL Implicit Net warning at main.v(42): created implicit net for "FUS7" File: C:/Users/uJotaQ/Downloads/cronometro_v3-main/main.v Line: 42
Warning (10236): Verilog HDL Implicit Net warning at main.v(43): created implicit net for "GUS7" File: C:/Users/uJotaQ/Downloads/cronometro_v3-main/main.v Line: 43
Warning (10236): Verilog HDL Implicit Net warning at main.v(48): created implicit net for "ADS7" File: C:/Users/uJotaQ/Downloads/cronometro_v3-main/main.v Line: 48
Warning (10236): Verilog HDL Implicit Net warning at main.v(49): created implicit net for "BDS7" File: C:/Users/uJotaQ/Downloads/cronometro_v3-main/main.v Line: 49
Warning (10236): Verilog HDL Implicit Net warning at main.v(50): created implicit net for "CDS7" File: C:/Users/uJotaQ/Downloads/cronometro_v3-main/main.v Line: 50
Warning (10236): Verilog HDL Implicit Net warning at main.v(51): created implicit net for "DDS7" File: C:/Users/uJotaQ/Downloads/cronometro_v3-main/main.v Line: 51
Warning (10236): Verilog HDL Implicit Net warning at main.v(52): created implicit net for "EDS7" File: C:/Users/uJotaQ/Downloads/cronometro_v3-main/main.v Line: 52
Warning (10236): Verilog HDL Implicit Net warning at main.v(53): created implicit net for "FDS7" File: C:/Users/uJotaQ/Downloads/cronometro_v3-main/main.v Line: 53
Warning (10236): Verilog HDL Implicit Net warning at main.v(54): created implicit net for "GDS7" File: C:/Users/uJotaQ/Downloads/cronometro_v3-main/main.v Line: 54
Warning (10236): Verilog HDL Implicit Net warning at main.v(59): created implicit net for "AUM7" File: C:/Users/uJotaQ/Downloads/cronometro_v3-main/main.v Line: 59
Warning (10236): Verilog HDL Implicit Net warning at main.v(60): created implicit net for "BUM7" File: C:/Users/uJotaQ/Downloads/cronometro_v3-main/main.v Line: 60
Warning (10236): Verilog HDL Implicit Net warning at main.v(61): created implicit net for "CUM7" File: C:/Users/uJotaQ/Downloads/cronometro_v3-main/main.v Line: 61
Warning (10236): Verilog HDL Implicit Net warning at main.v(62): created implicit net for "DUM7" File: C:/Users/uJotaQ/Downloads/cronometro_v3-main/main.v Line: 62
Warning (10236): Verilog HDL Implicit Net warning at main.v(63): created implicit net for "EUM7" File: C:/Users/uJotaQ/Downloads/cronometro_v3-main/main.v Line: 63
Warning (10236): Verilog HDL Implicit Net warning at main.v(64): created implicit net for "FUM7" File: C:/Users/uJotaQ/Downloads/cronometro_v3-main/main.v Line: 64
Warning (10236): Verilog HDL Implicit Net warning at main.v(65): created implicit net for "GUM7" File: C:/Users/uJotaQ/Downloads/cronometro_v3-main/main.v Line: 65
Warning (10236): Verilog HDL Implicit Net warning at main.v(70): created implicit net for "ADM7" File: C:/Users/uJotaQ/Downloads/cronometro_v3-main/main.v Line: 70
Warning (10236): Verilog HDL Implicit Net warning at main.v(71): created implicit net for "BDM7" File: C:/Users/uJotaQ/Downloads/cronometro_v3-main/main.v Line: 71
Warning (10236): Verilog HDL Implicit Net warning at main.v(72): created implicit net for "CDM7" File: C:/Users/uJotaQ/Downloads/cronometro_v3-main/main.v Line: 72
Warning (10236): Verilog HDL Implicit Net warning at main.v(73): created implicit net for "DDM7" File: C:/Users/uJotaQ/Downloads/cronometro_v3-main/main.v Line: 73
Warning (10236): Verilog HDL Implicit Net warning at main.v(74): created implicit net for "EDM7" File: C:/Users/uJotaQ/Downloads/cronometro_v3-main/main.v Line: 74
Warning (10236): Verilog HDL Implicit Net warning at main.v(75): created implicit net for "FDM7" File: C:/Users/uJotaQ/Downloads/cronometro_v3-main/main.v Line: 75
Warning (10236): Verilog HDL Implicit Net warning at main.v(76): created implicit net for "GDM7" File: C:/Users/uJotaQ/Downloads/cronometro_v3-main/main.v Line: 76
Warning (10236): Verilog HDL Implicit Net warning at unit_sec.v(14): created implicit net for "A1" File: C:/Users/uJotaQ/Downloads/cronometro_v3-main/unit_sec.v Line: 14
Warning (10236): Verilog HDL Implicit Net warning at unit_sec.v(15): created implicit net for "A2" File: C:/Users/uJotaQ/Downloads/cronometro_v3-main/unit_sec.v Line: 15
Warning (10236): Verilog HDL Implicit Net warning at unit_sec.v(19): created implicit net for "B1" File: C:/Users/uJotaQ/Downloads/cronometro_v3-main/unit_sec.v Line: 19
Warning (10236): Verilog HDL Implicit Net warning at unit_sec.v(20): created implicit net for "B2" File: C:/Users/uJotaQ/Downloads/cronometro_v3-main/unit_sec.v Line: 20
Warning (10236): Verilog HDL Implicit Net warning at unit_sec.v(27): created implicit net for "D1" File: C:/Users/uJotaQ/Downloads/cronometro_v3-main/unit_sec.v Line: 27
Warning (10236): Verilog HDL Implicit Net warning at unit_sec.v(28): created implicit net for "D2" File: C:/Users/uJotaQ/Downloads/cronometro_v3-main/unit_sec.v Line: 28
Warning (10236): Verilog HDL Implicit Net warning at unit_sec.v(29): created implicit net for "D3" File: C:/Users/uJotaQ/Downloads/cronometro_v3-main/unit_sec.v Line: 29
Warning (10236): Verilog HDL Implicit Net warning at unit_sec.v(33): created implicit net for "E1" File: C:/Users/uJotaQ/Downloads/cronometro_v3-main/unit_sec.v Line: 33
Warning (10236): Verilog HDL Implicit Net warning at unit_sec.v(37): created implicit net for "F1" File: C:/Users/uJotaQ/Downloads/cronometro_v3-main/unit_sec.v Line: 37
Warning (10236): Verilog HDL Implicit Net warning at unit_sec.v(38): created implicit net for "F2" File: C:/Users/uJotaQ/Downloads/cronometro_v3-main/unit_sec.v Line: 38
Warning (10236): Verilog HDL Implicit Net warning at unit_sec.v(39): created implicit net for "F3" File: C:/Users/uJotaQ/Downloads/cronometro_v3-main/unit_sec.v Line: 39
Warning (10236): Verilog HDL Implicit Net warning at unit_sec.v(43): created implicit net for "G1" File: C:/Users/uJotaQ/Downloads/cronometro_v3-main/unit_sec.v Line: 43
Warning (10236): Verilog HDL Implicit Net warning at unit_sec.v(47): created implicit net for "R1" File: C:/Users/uJotaQ/Downloads/cronometro_v3-main/unit_sec.v Line: 47
Warning (10236): Verilog HDL Implicit Net warning at unit_sec.v(48): created implicit net for "R2" File: C:/Users/uJotaQ/Downloads/cronometro_v3-main/unit_sec.v Line: 48
Warning (10236): Verilog HDL Implicit Net warning at unit_sec.v(49): created implicit net for "R3" File: C:/Users/uJotaQ/Downloads/cronometro_v3-main/unit_sec.v Line: 49
Warning (10236): Verilog HDL Implicit Net warning at frequency_divisor.v(8): created implicit net for "CLK_OUT1" File: C:/Users/uJotaQ/Downloads/cronometro_v3-main/frequency_divisor.v Line: 8
Warning (10236): Verilog HDL Implicit Net warning at frequency_divisor.v(9): created implicit net for "CLK_OUT2" File: C:/Users/uJotaQ/Downloads/cronometro_v3-main/frequency_divisor.v Line: 9
Warning (10236): Verilog HDL Implicit Net warning at frequency_divisor.v(10): created implicit net for "CLK_OUT3" File: C:/Users/uJotaQ/Downloads/cronometro_v3-main/frequency_divisor.v Line: 10
Warning (10236): Verilog HDL Implicit Net warning at frequency_divisor.v(12): created implicit net for "CLK_OUT4" File: C:/Users/uJotaQ/Downloads/cronometro_v3-main/frequency_divisor.v Line: 12
Warning (10236): Verilog HDL Implicit Net warning at frequency_divisor.v(15): created implicit net for "Q_F0" File: C:/Users/uJotaQ/Downloads/cronometro_v3-main/frequency_divisor.v Line: 15
Warning (10236): Verilog HDL Implicit Net warning at frequency_divisor.v(23): created implicit net for "Q_F1" File: C:/Users/uJotaQ/Downloads/cronometro_v3-main/frequency_divisor.v Line: 23
Warning (10236): Verilog HDL Implicit Net warning at duzen_sec.v(12): created implicit net for "A1" File: C:/Users/uJotaQ/Downloads/cronometro_v3-main/duzen_sec.v Line: 12
Warning (10236): Verilog HDL Implicit Net warning at duzen_sec.v(13): created implicit net for "A2" File: C:/Users/uJotaQ/Downloads/cronometro_v3-main/duzen_sec.v Line: 13
Warning (10236): Verilog HDL Implicit Net warning at duzen_sec.v(23): created implicit net for "D1" File: C:/Users/uJotaQ/Downloads/cronometro_v3-main/duzen_sec.v Line: 23
Warning (10236): Verilog HDL Implicit Net warning at duzen_sec.v(24): created implicit net for "D2" File: C:/Users/uJotaQ/Downloads/cronometro_v3-main/duzen_sec.v Line: 24
Warning (10236): Verilog HDL Implicit Net warning at duzen_sec.v(28): created implicit net for "E1" File: C:/Users/uJotaQ/Downloads/cronometro_v3-main/duzen_sec.v Line: 28
Warning (10236): Verilog HDL Implicit Net warning at duzen_sec.v(32): created implicit net for "F1" File: C:/Users/uJotaQ/Downloads/cronometro_v3-main/duzen_sec.v Line: 32
Warning (10236): Verilog HDL Implicit Net warning at duzen_sec.v(39): created implicit net for "R1" File: C:/Users/uJotaQ/Downloads/cronometro_v3-main/duzen_sec.v Line: 39
Warning (10236): Verilog HDL Implicit Net warning at unit_min.v(14): created implicit net for "A1" File: C:/Users/uJotaQ/Downloads/cronometro_v3-main/unit_min.v Line: 14
Warning (10236): Verilog HDL Implicit Net warning at unit_min.v(15): created implicit net for "A2" File: C:/Users/uJotaQ/Downloads/cronometro_v3-main/unit_min.v Line: 15
Warning (10236): Verilog HDL Implicit Net warning at unit_min.v(19): created implicit net for "B1" File: C:/Users/uJotaQ/Downloads/cronometro_v3-main/unit_min.v Line: 19
Warning (10236): Verilog HDL Implicit Net warning at unit_min.v(20): created implicit net for "B2" File: C:/Users/uJotaQ/Downloads/cronometro_v3-main/unit_min.v Line: 20
Warning (10236): Verilog HDL Implicit Net warning at unit_min.v(27): created implicit net for "D1" File: C:/Users/uJotaQ/Downloads/cronometro_v3-main/unit_min.v Line: 27
Warning (10236): Verilog HDL Implicit Net warning at unit_min.v(28): created implicit net for "D2" File: C:/Users/uJotaQ/Downloads/cronometro_v3-main/unit_min.v Line: 28
Warning (10236): Verilog HDL Implicit Net warning at unit_min.v(29): created implicit net for "D3" File: C:/Users/uJotaQ/Downloads/cronometro_v3-main/unit_min.v Line: 29
Warning (10236): Verilog HDL Implicit Net warning at unit_min.v(33): created implicit net for "E1" File: C:/Users/uJotaQ/Downloads/cronometro_v3-main/unit_min.v Line: 33
Warning (10236): Verilog HDL Implicit Net warning at unit_min.v(37): created implicit net for "F1" File: C:/Users/uJotaQ/Downloads/cronometro_v3-main/unit_min.v Line: 37
Warning (10236): Verilog HDL Implicit Net warning at unit_min.v(38): created implicit net for "F2" File: C:/Users/uJotaQ/Downloads/cronometro_v3-main/unit_min.v Line: 38
Warning (10236): Verilog HDL Implicit Net warning at unit_min.v(39): created implicit net for "F3" File: C:/Users/uJotaQ/Downloads/cronometro_v3-main/unit_min.v Line: 39
Warning (10236): Verilog HDL Implicit Net warning at unit_min.v(43): created implicit net for "G1" File: C:/Users/uJotaQ/Downloads/cronometro_v3-main/unit_min.v Line: 43
Warning (10236): Verilog HDL Implicit Net warning at unit_min.v(47): created implicit net for "R1" File: C:/Users/uJotaQ/Downloads/cronometro_v3-main/unit_min.v Line: 47
Warning (10236): Verilog HDL Implicit Net warning at unit_min.v(48): created implicit net for "R2" File: C:/Users/uJotaQ/Downloads/cronometro_v3-main/unit_min.v Line: 48
Critical Warning (10846): Verilog HDL Instantiation warning at main.v(17): instance has no name File: C:/Users/uJotaQ/Downloads/cronometro_v3-main/main.v Line: 17
Critical Warning (10846): Verilog HDL Instantiation warning at main.v(18): instance has no name File: C:/Users/uJotaQ/Downloads/cronometro_v3-main/main.v Line: 18
Critical Warning (10846): Verilog HDL Instantiation warning at frequency_divisor.v(8): instance has no name File: C:/Users/uJotaQ/Downloads/cronometro_v3-main/frequency_divisor.v Line: 8
Critical Warning (10846): Verilog HDL Instantiation warning at frequency_divisor.v(9): instance has no name File: C:/Users/uJotaQ/Downloads/cronometro_v3-main/frequency_divisor.v Line: 9
Critical Warning (10846): Verilog HDL Instantiation warning at frequency_divisor.v(10): instance has no name File: C:/Users/uJotaQ/Downloads/cronometro_v3-main/frequency_divisor.v Line: 10
Critical Warning (10846): Verilog HDL Instantiation warning at frequency_divisor.v(12): instance has no name File: C:/Users/uJotaQ/Downloads/cronometro_v3-main/frequency_divisor.v Line: 12
Critical Warning (10846): Verilog HDL Instantiation warning at main.v(32): instance has no name File: C:/Users/uJotaQ/Downloads/cronometro_v3-main/main.v Line: 32
Critical Warning (10846): Verilog HDL Instantiation warning at unit_sec.v(8): instance has no name File: C:/Users/uJotaQ/Downloads/cronometro_v3-main/unit_sec.v Line: 8
Critical Warning (10846): Verilog HDL Instantiation warning at unit_sec.v(9): instance has no name File: C:/Users/uJotaQ/Downloads/cronometro_v3-main/unit_sec.v Line: 9
Critical Warning (10846): Verilog HDL Instantiation warning at unit_sec.v(10): instance has no name File: C:/Users/uJotaQ/Downloads/cronometro_v3-main/unit_sec.v Line: 10
Critical Warning (10846): Verilog HDL Instantiation warning at unit_sec.v(11): instance has no name File: C:/Users/uJotaQ/Downloads/cronometro_v3-main/unit_sec.v Line: 11
Critical Warning (10846): Verilog HDL Instantiation warning at duzen_sec.v(7): instance has no name File: C:/Users/uJotaQ/Downloads/cronometro_v3-main/duzen_sec.v Line: 7
Critical Warning (10846): Verilog HDL Instantiation warning at duzen_sec.v(8): instance has no name File: C:/Users/uJotaQ/Downloads/cronometro_v3-main/duzen_sec.v Line: 8
Critical Warning (10846): Verilog HDL Instantiation warning at duzen_sec.v(9): instance has no name File: C:/Users/uJotaQ/Downloads/cronometro_v3-main/duzen_sec.v Line: 9
Critical Warning (10846): Verilog HDL Instantiation warning at unit_min.v(8): instance has no name File: C:/Users/uJotaQ/Downloads/cronometro_v3-main/unit_min.v Line: 8
Critical Warning (10846): Verilog HDL Instantiation warning at unit_min.v(9): instance has no name File: C:/Users/uJotaQ/Downloads/cronometro_v3-main/unit_min.v Line: 9
Critical Warning (10846): Verilog HDL Instantiation warning at unit_min.v(10): instance has no name File: C:/Users/uJotaQ/Downloads/cronometro_v3-main/unit_min.v Line: 10
Critical Warning (10846): Verilog HDL Instantiation warning at unit_min.v(11): instance has no name File: C:/Users/uJotaQ/Downloads/cronometro_v3-main/unit_min.v Line: 11
Critical Warning (10846): Verilog HDL Instantiation warning at duzen_min.v(8): instance has no name File: C:/Users/uJotaQ/Downloads/cronometro_v3-main/duzen_min.v Line: 8
Critical Warning (10846): Verilog HDL Instantiation warning at duzen_min.v(9): instance has no name File: C:/Users/uJotaQ/Downloads/cronometro_v3-main/duzen_min.v Line: 9
Info (12127): Elaborating entity "main" for the top level hierarchy
Info (12128): Elaborating entity "dFlipFlop" for hierarchy "dFlipFlop:comb_3" File: C:/Users/uJotaQ/Downloads/cronometro_v3-main/main.v Line: 17
Info (12128): Elaborating entity "frequency_divisor" for hierarchy "frequency_divisor:comb_13" File: C:/Users/uJotaQ/Downloads/cronometro_v3-main/main.v Line: 32
Info (12128): Elaborating entity "delay" for hierarchy "frequency_divisor:comb_13|delay:comb_3" File: C:/Users/uJotaQ/Downloads/cronometro_v3-main/frequency_divisor.v Line: 8
Info (12128): Elaborating entity "unit_sec" for hierarchy "unit_sec:us" File: C:/Users/uJotaQ/Downloads/cronometro_v3-main/main.v Line: 35
Info (12128): Elaborating entity "duzen_sec" for hierarchy "duzen_sec:ds" File: C:/Users/uJotaQ/Downloads/cronometro_v3-main/main.v Line: 46
Warning (10034): Output port "CLK_OUT" at duzen_sec.v(3) has no driver File: C:/Users/uJotaQ/Downloads/cronometro_v3-main/duzen_sec.v Line: 3
Info (12128): Elaborating entity "unit_min" for hierarchy "unit_min:um" File: C:/Users/uJotaQ/Downloads/cronometro_v3-main/main.v Line: 57
Info (12128): Elaborating entity "duzen_min" for hierarchy "duzen_min:du" File: C:/Users/uJotaQ/Downloads/cronometro_v3-main/main.v Line: 68
Warning (10034): Output port "fdm" at duzen_min.v(4) has no driver File: C:/Users/uJotaQ/Downloads/cronometro_v3-main/duzen_min.v Line: 4
Warning (12011): Net is missing source, defaulting to GND
    Warning (12110): Net "duzen_min:du|Q1_" is missing source, defaulting to GND File: C:/Users/uJotaQ/Downloads/cronometro_v3-main/duzen_min.v Line: 6
Warning (12011): Net is missing source, defaulting to GND
    Warning (12110): Net "RST" is missing source, defaulting to GND File: C:/Users/uJotaQ/Downloads/cronometro_v3-main/main.v Line: 13
Info (13014): Ignored 4 buffer(s)
    Info (13019): Ignored 4 SOFT buffer(s)
Warning (12241): 2 hierarchies have connectivity warnings - see the Connectivity Checks report folder
Info (21057): Implemented 73 device resources after synthesis - the final resource count might be different
    Info (21058): Implemented 1 input pins
    Info (21059): Implemented 11 output pins
    Info (21061): Implemented 61 logic cells
Info: Quartus Prime Analysis & Synthesis was successful. 0 errors, 102 warnings
    Info: Peak virtual memory: 4693 megabytes
    Info: Processing ended: Wed May 29 21:10:17 2024
    Info: Elapsed time: 00:00:06
    Info: Total CPU time (on all processors): 00:00:12


